  Game.cpp
D:\OtherCom\SDL\TransformComponent.h(76,17): warning C4244: '+=': conversion from 'double' to 'float', possible loss of data
D:\OtherCom\SDL\TransformComponent.h(77,17): warning C4244: '+=': conversion from 'double' to 'float', possible loss of data
D:\OtherCom\SDL\TransformComponent.h(83,17): warning C4244: '+=': conversion from 'double' to 'float', possible loss of data
D:\OtherCom\SDL\TransformComponent.h(84,17): warning C4244: '+=': conversion from 'double' to 'float', possible loss of data
D:\OtherCom\SDL\SpriteComponent.h(40,34): warning C4244: '=': conversion from 'float' to 'int', possible loss of data
D:\OtherCom\SDL\SpriteComponent.h(41,34): warning C4244: '=': conversion from 'float' to 'int', possible loss of data
D:\OtherCom\SDL\Game.cpp(130,102): warning C4244: 'argument': conversion from 'double' to 'int', possible loss of data
D:\OtherCom\SDL\Game.cpp(136,104): warning C4244: 'argument': conversion from 'double' to 'int', possible loss of data
D:\OtherCom\SDL\ECS.h(93,33): warning C4244: 'argument': conversion from '_Ty' to 'float', possible loss of data
          with
          [
              _Ty=int
          ]
D:\OtherCom\SDL\Game.cpp(49): message : see reference to function template instantiation 'T &Entity::addComponent<TransformComponent,int,int>(int &&,int &&)' being compiled
          with
          [
              T=TransformComponent
          ]
  main.cpp
  Menu.cpp
  Generating Code...
  SDL.vcxproj -> D:\OtherCom\x64\Debug\SDL.exe
